Analysis & Synthesis report for hash_game
Sun May 23 20:10:55 2021
Quartus Prime Version 20.1.1 Build 720 11/11/2020 SJ Lite Edition


---------------------
; Table of Contents ;
---------------------
  1. Legal Notice
  2. Analysis & Synthesis Summary
  3. Analysis & Synthesis Settings
  4. Parallel Compilation
  5. Analysis & Synthesis Source Files Read
  6. Analysis & Synthesis Resource Usage Summary
  7. Analysis & Synthesis Resource Utilization by Entity
  8. General Register Statistics
  9. Multiplexer Restructuring Statistics (Restructuring Performed)
 10. Post-Synthesis Netlist Statistics for Top Partition
 11. Elapsed Time Per Partition
 12. Analysis & Synthesis Messages



----------------
; Legal Notice ;
----------------
Copyright (C) 2020  Intel Corporation. All rights reserved.
Your use of Intel Corporation's design tools, logic functions 
and other software and tools, and any partner logic 
functions, and any output files from any of the foregoing 
(including device programming or simulation files), and any 
associated documentation or information are expressly subject 
to the terms and conditions of the Intel Program License 
Subscription Agreement, the Intel Quartus Prime License Agreement,
the Intel FPGA IP License Agreement, or other applicable license
agreement, including, without limitation, that your use is for
the sole purpose of programming logic devices manufactured by
Intel and sold by Intel or its authorized distributors.  Please
refer to the applicable agreement for further details, at
https://fpgasoftware.intel.com/eula.



+----------------------------------------------------------------------------------+
; Analysis & Synthesis Summary                                                     ;
+------------------------------------+---------------------------------------------+
; Analysis & Synthesis Status        ; Successful - Sun May 23 20:10:55 2021       ;
; Quartus Prime Version              ; 20.1.1 Build 720 11/11/2020 SJ Lite Edition ;
; Revision Name                      ; hash_game                                   ;
; Top-level Entity Name              ; jogo_da_velha                               ;
; Family                             ; Cyclone IV E                                ;
; Total logic elements               ; 101                                         ;
;     Total combinational functions  ; 92                                          ;
;     Dedicated logic registers      ; 42                                          ;
; Total registers                    ; 42                                          ;
; Total pins                         ; 88                                          ;
; Total virtual pins                 ; 0                                           ;
; Total memory bits                  ; 0                                           ;
; Embedded Multiplier 9-bit elements ; 0                                           ;
; Total PLLs                         ; 0                                           ;
+------------------------------------+---------------------------------------------+


+------------------------------------------------------------------------------------------------------------+
; Analysis & Synthesis Settings                                                                              ;
+------------------------------------------------------------------+--------------------+--------------------+
; Option                                                           ; Setting            ; Default Value      ;
+------------------------------------------------------------------+--------------------+--------------------+
; Top-level entity name                                            ; jogo_da_velha      ; hash_game          ;
; Family name                                                      ; Cyclone IV E       ; Cyclone V          ;
; Use smart compilation                                            ; Off                ; Off                ;
; Enable parallel Assembler and Timing Analyzer during compilation ; On                 ; On                 ;
; Enable compact report table                                      ; Off                ; Off                ;
; Restructure Multiplexers                                         ; Auto               ; Auto               ;
; Create Debugging Nodes for IP Cores                              ; Off                ; Off                ;
; Preserve fewer node names                                        ; On                 ; On                 ;
; Intel FPGA IP Evaluation Mode                                    ; Enable             ; Enable             ;
; Verilog Version                                                  ; Verilog_2001       ; Verilog_2001       ;
; VHDL Version                                                     ; VHDL_1993          ; VHDL_1993          ;
; State Machine Processing                                         ; Auto               ; Auto               ;
; Safe State Machine                                               ; Off                ; Off                ;
; Extract Verilog State Machines                                   ; On                 ; On                 ;
; Extract VHDL State Machines                                      ; On                 ; On                 ;
; Ignore Verilog initial constructs                                ; Off                ; Off                ;
; Iteration limit for constant Verilog loops                       ; 5000               ; 5000               ;
; Iteration limit for non-constant Verilog loops                   ; 250                ; 250                ;
; Add Pass-Through Logic to Inferred RAMs                          ; On                 ; On                 ;
; Infer RAMs from Raw Logic                                        ; On                 ; On                 ;
; Parallel Synthesis                                               ; On                 ; On                 ;
; DSP Block Balancing                                              ; Auto               ; Auto               ;
; NOT Gate Push-Back                                               ; On                 ; On                 ;
; Power-Up Don't Care                                              ; On                 ; On                 ;
; Remove Redundant Logic Cells                                     ; Off                ; Off                ;
; Remove Duplicate Registers                                       ; On                 ; On                 ;
; Ignore CARRY Buffers                                             ; Off                ; Off                ;
; Ignore CASCADE Buffers                                           ; Off                ; Off                ;
; Ignore GLOBAL Buffers                                            ; Off                ; Off                ;
; Ignore ROW GLOBAL Buffers                                        ; Off                ; Off                ;
; Ignore LCELL Buffers                                             ; Off                ; Off                ;
; Ignore SOFT Buffers                                              ; On                 ; On                 ;
; Limit AHDL Integers to 32 Bits                                   ; Off                ; Off                ;
; Optimization Technique                                           ; Balanced           ; Balanced           ;
; Carry Chain Length                                               ; 70                 ; 70                 ;
; Auto Carry Chains                                                ; On                 ; On                 ;
; Auto Open-Drain Pins                                             ; On                 ; On                 ;
; Perform WYSIWYG Primitive Resynthesis                            ; Off                ; Off                ;
; Auto ROM Replacement                                             ; On                 ; On                 ;
; Auto RAM Replacement                                             ; On                 ; On                 ;
; Auto DSP Block Replacement                                       ; On                 ; On                 ;
; Auto Shift Register Replacement                                  ; Auto               ; Auto               ;
; Allow Shift Register Merging across Hierarchies                  ; Auto               ; Auto               ;
; Auto Clock Enable Replacement                                    ; On                 ; On                 ;
; Strict RAM Replacement                                           ; Off                ; Off                ;
; Allow Synchronous Control Signals                                ; On                 ; On                 ;
; Force Use of Synchronous Clear Signals                           ; Off                ; Off                ;
; Auto RAM Block Balancing                                         ; On                 ; On                 ;
; Auto RAM to Logic Cell Conversion                                ; Off                ; Off                ;
; Auto Resource Sharing                                            ; Off                ; Off                ;
; Allow Any RAM Size For Recognition                               ; Off                ; Off                ;
; Allow Any ROM Size For Recognition                               ; Off                ; Off                ;
; Allow Any Shift Register Size For Recognition                    ; Off                ; Off                ;
; Use LogicLock Constraints during Resource Balancing              ; On                 ; On                 ;
; Ignore translate_off and synthesis_off directives                ; Off                ; Off                ;
; Timing-Driven Synthesis                                          ; On                 ; On                 ;
; Report Parameter Settings                                        ; On                 ; On                 ;
; Report Source Assignments                                        ; On                 ; On                 ;
; Report Connectivity Checks                                       ; On                 ; On                 ;
; Ignore Maximum Fan-Out Assignments                               ; Off                ; Off                ;
; Synchronization Register Chain Length                            ; 2                  ; 2                  ;
; Power Optimization During Synthesis                              ; Normal compilation ; Normal compilation ;
; HDL message level                                                ; Level2             ; Level2             ;
; Suppress Register Optimization Related Messages                  ; Off                ; Off                ;
; Number of Removed Registers Reported in Synthesis Report         ; 5000               ; 5000               ;
; Number of Swept Nodes Reported in Synthesis Report               ; 5000               ; 5000               ;
; Number of Inverted Registers Reported in Synthesis Report        ; 100                ; 100                ;
; Clock MUX Protection                                             ; On                 ; On                 ;
; Auto Gated Clock Conversion                                      ; Off                ; Off                ;
; Block Design Naming                                              ; Auto               ; Auto               ;
; SDC constraint protection                                        ; Off                ; Off                ;
; Synthesis Effort                                                 ; Auto               ; Auto               ;
; Shift Register Replacement - Allow Asynchronous Clear Signal     ; On                 ; On                 ;
; Pre-Mapping Resynthesis Optimization                             ; Off                ; Off                ;
; Analysis & Synthesis Message Level                               ; Medium             ; Medium             ;
; Disable Register Merging Across Hierarchies                      ; Auto               ; Auto               ;
; Resource Aware Inference For Block RAM                           ; On                 ; On                 ;
+------------------------------------------------------------------+--------------------+--------------------+


+------------------------------------------+
; Parallel Compilation                     ;
+----------------------------+-------------+
; Processors                 ; Number      ;
+----------------------------+-------------+
; Number detected on machine ; 8           ;
; Maximum allowed            ; 4           ;
;                            ;             ;
; Average used               ; 1.00        ;
; Maximum used               ; 4           ;
;                            ;             ;
; Usage by Processor         ; % Time Used ;
;     Processor 1            ; 100.0%      ;
;     Processors 2-4         ;   0.1%      ;
+----------------------------+-------------+


+------------------------------------------------------------------------------------------------------------------------------------------------------------------------+
; Analysis & Synthesis Source Files Read                                                                                                                                 ;
+----------------------------------+-----------------+------------------------------------------+--------------------------------------------------------------+---------+
; File Name with User-Entered Path ; Used in Netlist ; File Type                                ; File Name with Absolute Path                                 ; Library ;
+----------------------------------+-----------------+------------------------------------------+--------------------------------------------------------------+---------+
; controle.bdf                     ; yes             ; User Block Diagram/Schematic File        ; D:/intelFPGA_lite/20.1/hash_game/controle.bdf                ;         ;
; visor.bdf                        ; yes             ; User Block Diagram/Schematic File        ; D:/intelFPGA_lite/20.1/hash_game/visor.bdf                   ;         ;
; visores.bdf                      ; yes             ; User Block Diagram/Schematic File        ; D:/intelFPGA_lite/20.1/hash_game/visores.bdf                 ;         ;
; memoria1bit.bdf                  ; yes             ; User Block Diagram/Schematic File        ; D:/intelFPGA_lite/20.1/hash_game/memoria1bit.bdf             ;         ;
; seletor.bdf                      ; yes             ; User Block Diagram/Schematic File        ; D:/intelFPGA_lite/20.1/hash_game/seletor.bdf                 ;         ;
; memoria.bdf                      ; yes             ; User Block Diagram/Schematic File        ; D:/intelFPGA_lite/20.1/hash_game/memoria.bdf                 ;         ;
; verificar_se_venceu.bdf          ; yes             ; User Block Diagram/Schematic File        ; D:/intelFPGA_lite/20.1/hash_game/verificar_se_venceu.bdf     ;         ;
; multiplexador_18x9.bdf           ; yes             ; User Block Diagram/Schematic File        ; D:/intelFPGA_lite/20.1/hash_game/multiplexador_18x9.bdf      ;         ;
; mux18x9_extendido.bdf            ; yes             ; User Block Diagram/Schematic File        ; D:/intelFPGA_lite/20.1/hash_game/mux18x9_extendido.bdf       ;         ;
; verificar_se_disponivel.bdf      ; yes             ; User Block Diagram/Schematic File        ; D:/intelFPGA_lite/20.1/hash_game/verificar_se_disponivel.bdf ;         ;
; selecionado_memoria.bdf          ; yes             ; User Block Diagram/Schematic File        ; D:/intelFPGA_lite/20.1/hash_game/selecionado_memoria.bdf     ;         ;
; jogo_da_velha.bdf                ; yes             ; User Block Diagram/Schematic File        ; D:/intelFPGA_lite/20.1/hash_game/jogo_da_velha.bdf           ;         ;
; multiplexador-2-1.bdf            ; yes             ; Auto-Found Block Diagram/Schematic File  ; D:/intelFPGA_lite/20.1/hash_game/multiplexador-2-1.bdf       ;         ;
; decod7segment.bdf                ; yes             ; Auto-Found Block Diagram/Schematic File  ; D:/intelFPGA_lite/20.1/hash_game/decod7segment.bdf           ;         ;
+----------------------------------+-----------------+------------------------------------------+--------------------------------------------------------------+---------+


+---------------------------------------------------------+
; Analysis & Synthesis Resource Usage Summary             ;
+---------------------------------------------+-----------+
; Resource                                    ; Usage     ;
+---------------------------------------------+-----------+
; Estimated Total logic elements              ; 101       ;
;                                             ;           ;
; Total combinational functions               ; 92        ;
; Logic element usage by number of LUT inputs ;           ;
;     -- 4 input functions                    ; 51        ;
;     -- 3 input functions                    ; 27        ;
;     -- <=2 input functions                  ; 14        ;
;                                             ;           ;
; Logic elements by mode                      ;           ;
;     -- normal mode                          ; 92        ;
;     -- arithmetic mode                      ; 0         ;
;                                             ;           ;
; Total registers                             ; 42        ;
;     -- Dedicated logic registers            ; 42        ;
;     -- I/O registers                        ; 0         ;
;                                             ;           ;
; I/O pins                                    ; 88        ;
;                                             ;           ;
; Embedded Multiplier 9-bit elements          ; 0         ;
;                                             ;           ;
; Maximum fan-out node                        ; CLK~input ;
; Maximum fan-out                             ; 42        ;
; Total fan-out                               ; 539       ;
; Average fan-out                             ; 1.74      ;
+---------------------------------------------+-----------+


+------------------------------------------------------------------------------------------------------------------------------------------------------------------------------------------------------------------------------------------------------------------------------------------------------+
; Analysis & Synthesis Resource Utilization by Entity                                                                                                                                                                                                                                                  ;
+-------------------------------------+---------------------+---------------------------+-------------+--------------+---------+-----------+------+--------------+--------------------------------------------------------------------------------------------+-------------------------+--------------+
; Compilation Hierarchy Node          ; Combinational ALUTs ; Dedicated Logic Registers ; Memory Bits ; DSP Elements ; DSP 9x9 ; DSP 18x18 ; Pins ; Virtual Pins ; Full Hierarchy Name                                                                        ; Entity Name             ; Library Name ;
+-------------------------------------+---------------------+---------------------------+-------------+--------------+---------+-----------+------+--------------+--------------------------------------------------------------------------------------------+-------------------------+--------------+
; |jogo_da_velha                      ; 92 (5)              ; 42 (1)                    ; 0           ; 0            ; 0       ; 0         ; 88   ; 0            ; |jogo_da_velha                                                                             ; jogo_da_velha           ; work         ;
;    |controle:J1_CONTROLE|           ; 2 (1)               ; 5 (5)                     ; 0           ; 0            ; 0       ; 0         ; 0    ; 0            ; |jogo_da_velha|controle:J1_CONTROLE                                                        ; controle                ; work         ;
;       |multiplexador-2-1:inst1|     ; 1 (1)               ; 0 (0)                     ; 0           ; 0            ; 0       ; 0         ; 0    ; 0            ; |jogo_da_velha|controle:J1_CONTROLE|multiplexador-2-1:inst1                                ; multiplexador-2-1       ; work         ;
;    |controle:J2_CONTROLE|           ; 2 (1)               ; 5 (5)                     ; 0           ; 0            ; 0       ; 0         ; 0    ; 0            ; |jogo_da_velha|controle:J2_CONTROLE                                                        ; controle                ; work         ;
;       |multiplexador-2-1:inst1|     ; 1 (1)               ; 0 (0)                     ; 0           ; 0            ; 0       ; 0         ; 0    ; 0            ; |jogo_da_velha|controle:J2_CONTROLE|multiplexador-2-1:inst1                                ; multiplexador-2-1       ; work         ;
;    |memoria:J1_MEMO|                ; 20 (1)              ; 10 (1)                    ; 0           ; 0            ; 0       ; 0         ; 0    ; 0            ; |jogo_da_velha|memoria:J1_MEMO                                                             ; memoria                 ; work         ;
;       |memoria1bit:inst10|          ; 1 (1)               ; 1 (1)                     ; 0           ; 0            ; 0       ; 0         ; 0    ; 0            ; |jogo_da_velha|memoria:J1_MEMO|memoria1bit:inst10                                          ; memoria1bit             ; work         ;
;       |memoria1bit:inst2|           ; 2 (2)               ; 1 (1)                     ; 0           ; 0            ; 0       ; 0         ; 0    ; 0            ; |jogo_da_velha|memoria:J1_MEMO|memoria1bit:inst2                                           ; memoria1bit             ; work         ;
;       |memoria1bit:inst3|           ; 1 (1)               ; 1 (1)                     ; 0           ; 0            ; 0       ; 0         ; 0    ; 0            ; |jogo_da_velha|memoria:J1_MEMO|memoria1bit:inst3                                           ; memoria1bit             ; work         ;
;       |memoria1bit:inst4|           ; 1 (1)               ; 1 (1)                     ; 0           ; 0            ; 0       ; 0         ; 0    ; 0            ; |jogo_da_velha|memoria:J1_MEMO|memoria1bit:inst4                                           ; memoria1bit             ; work         ;
;       |memoria1bit:inst5|           ; 1 (1)               ; 1 (1)                     ; 0           ; 0            ; 0       ; 0         ; 0    ; 0            ; |jogo_da_velha|memoria:J1_MEMO|memoria1bit:inst5                                           ; memoria1bit             ; work         ;
;       |memoria1bit:inst6|           ; 1 (1)               ; 1 (1)                     ; 0           ; 0            ; 0       ; 0         ; 0    ; 0            ; |jogo_da_velha|memoria:J1_MEMO|memoria1bit:inst6                                           ; memoria1bit             ; work         ;
;       |memoria1bit:inst7|           ; 1 (1)               ; 1 (1)                     ; 0           ; 0            ; 0       ; 0         ; 0    ; 0            ; |jogo_da_velha|memoria:J1_MEMO|memoria1bit:inst7                                           ; memoria1bit             ; work         ;
;       |memoria1bit:inst8|           ; 1 (1)               ; 1 (1)                     ; 0           ; 0            ; 0       ; 0         ; 0    ; 0            ; |jogo_da_velha|memoria:J1_MEMO|memoria1bit:inst8                                           ; memoria1bit             ; work         ;
;       |memoria1bit:inst9|           ; 1 (1)               ; 1 (1)                     ; 0           ; 0            ; 0       ; 0         ; 0    ; 0            ; |jogo_da_velha|memoria:J1_MEMO|memoria1bit:inst9                                           ; memoria1bit             ; work         ;
;       |seletor:inst|                ; 9 (9)               ; 0 (0)                     ; 0           ; 0            ; 0       ; 0         ; 0    ; 0            ; |jogo_da_velha|memoria:J1_MEMO|seletor:inst                                                ; seletor                 ; work         ;
;    |memoria:J2_MEMO|                ; 11 (1)              ; 10 (1)                    ; 0           ; 0            ; 0       ; 0         ; 0    ; 0            ; |jogo_da_velha|memoria:J2_MEMO                                                             ; memoria                 ; work         ;
;       |memoria1bit:inst10|          ; 1 (1)               ; 1 (1)                     ; 0           ; 0            ; 0       ; 0         ; 0    ; 0            ; |jogo_da_velha|memoria:J2_MEMO|memoria1bit:inst10                                          ; memoria1bit             ; work         ;
;       |memoria1bit:inst2|           ; 2 (2)               ; 1 (1)                     ; 0           ; 0            ; 0       ; 0         ; 0    ; 0            ; |jogo_da_velha|memoria:J2_MEMO|memoria1bit:inst2                                           ; memoria1bit             ; work         ;
;       |memoria1bit:inst3|           ; 1 (1)               ; 1 (1)                     ; 0           ; 0            ; 0       ; 0         ; 0    ; 0            ; |jogo_da_velha|memoria:J2_MEMO|memoria1bit:inst3                                           ; memoria1bit             ; work         ;
;       |memoria1bit:inst4|           ; 1 (1)               ; 1 (1)                     ; 0           ; 0            ; 0       ; 0         ; 0    ; 0            ; |jogo_da_velha|memoria:J2_MEMO|memoria1bit:inst4                                           ; memoria1bit             ; work         ;
;       |memoria1bit:inst5|           ; 1 (1)               ; 1 (1)                     ; 0           ; 0            ; 0       ; 0         ; 0    ; 0            ; |jogo_da_velha|memoria:J2_MEMO|memoria1bit:inst5                                           ; memoria1bit             ; work         ;
;       |memoria1bit:inst6|           ; 1 (1)               ; 1 (1)                     ; 0           ; 0            ; 0       ; 0         ; 0    ; 0            ; |jogo_da_velha|memoria:J2_MEMO|memoria1bit:inst6                                           ; memoria1bit             ; work         ;
;       |memoria1bit:inst7|           ; 1 (1)               ; 1 (1)                     ; 0           ; 0            ; 0       ; 0         ; 0    ; 0            ; |jogo_da_velha|memoria:J2_MEMO|memoria1bit:inst7                                           ; memoria1bit             ; work         ;
;       |memoria1bit:inst8|           ; 1 (1)               ; 1 (1)                     ; 0           ; 0            ; 0       ; 0         ; 0    ; 0            ; |jogo_da_velha|memoria:J2_MEMO|memoria1bit:inst8                                           ; memoria1bit             ; work         ;
;       |memoria1bit:inst9|           ; 1 (1)               ; 1 (1)                     ; 0           ; 0            ; 0       ; 0         ; 0    ; 0            ; |jogo_da_velha|memoria:J2_MEMO|memoria1bit:inst9                                           ; memoria1bit             ; work         ;
;    |mux18x9_extendido:inst13|       ; 11 (8)              ; 2 (2)                     ; 0           ; 0            ; 0       ; 0         ; 0    ; 0            ; |jogo_da_velha|mux18x9_extendido:inst13                                                    ; mux18x9_extendido       ; work         ;
;       |multiplexador_18x9:inst99|   ; 3 (0)               ; 0 (0)                     ; 0           ; 0            ; 0       ; 0         ; 0    ; 0            ; |jogo_da_velha|mux18x9_extendido:inst13|multiplexador_18x9:inst99                          ; multiplexador_18x9      ; work         ;
;          |multiplexador-2-1:inst6|  ; 1 (1)               ; 0 (0)                     ; 0           ; 0            ; 0       ; 0         ; 0    ; 0            ; |jogo_da_velha|mux18x9_extendido:inst13|multiplexador_18x9:inst99|multiplexador-2-1:inst6  ; multiplexador-2-1       ; work         ;
;          |multiplexador-2-1:inst74| ; 1 (1)               ; 0 (0)                     ; 0           ; 0            ; 0       ; 0         ; 0    ; 0            ; |jogo_da_velha|mux18x9_extendido:inst13|multiplexador_18x9:inst99|multiplexador-2-1:inst74 ; multiplexador-2-1       ; work         ;
;          |multiplexador-2-1:inst|   ; 1 (1)               ; 0 (0)                     ; 0           ; 0            ; 0       ; 0         ; 0    ; 0            ; |jogo_da_velha|mux18x9_extendido:inst13|multiplexador_18x9:inst99|multiplexador-2-1:inst   ; multiplexador-2-1       ; work         ;
;    |selecionado_memoria:inst6|      ; 4 (0)               ; 5 (1)                     ; 0           ; 0            ; 0       ; 0         ; 0    ; 0            ; |jogo_da_velha|selecionado_memoria:inst6                                                   ; selecionado_memoria     ; work         ;
;       |memoria1bit:inst1|           ; 1 (0)               ; 1 (1)                     ; 0           ; 0            ; 0       ; 0         ; 0    ; 0            ; |jogo_da_velha|selecionado_memoria:inst6|memoria1bit:inst1                                 ; memoria1bit             ; work         ;
;          |multiplexador-2-1:inst7|  ; 1 (1)               ; 0 (0)                     ; 0           ; 0            ; 0       ; 0         ; 0    ; 0            ; |jogo_da_velha|selecionado_memoria:inst6|memoria1bit:inst1|multiplexador-2-1:inst7         ; multiplexador-2-1       ; work         ;
;       |memoria1bit:inst2|           ; 1 (0)               ; 1 (1)                     ; 0           ; 0            ; 0       ; 0         ; 0    ; 0            ; |jogo_da_velha|selecionado_memoria:inst6|memoria1bit:inst2                                 ; memoria1bit             ; work         ;
;          |multiplexador-2-1:inst7|  ; 1 (1)               ; 0 (0)                     ; 0           ; 0            ; 0       ; 0         ; 0    ; 0            ; |jogo_da_velha|selecionado_memoria:inst6|memoria1bit:inst2|multiplexador-2-1:inst7         ; multiplexador-2-1       ; work         ;
;       |memoria1bit:inst3|           ; 1 (0)               ; 1 (1)                     ; 0           ; 0            ; 0       ; 0         ; 0    ; 0            ; |jogo_da_velha|selecionado_memoria:inst6|memoria1bit:inst3                                 ; memoria1bit             ; work         ;
;          |multiplexador-2-1:inst7|  ; 1 (1)               ; 0 (0)                     ; 0           ; 0            ; 0       ; 0         ; 0    ; 0            ; |jogo_da_velha|selecionado_memoria:inst6|memoria1bit:inst3|multiplexador-2-1:inst7         ; multiplexador-2-1       ; work         ;
;       |memoria1bit:inst|            ; 1 (0)               ; 1 (1)                     ; 0           ; 0            ; 0       ; 0         ; 0    ; 0            ; |jogo_da_velha|selecionado_memoria:inst6|memoria1bit:inst                                  ; memoria1bit             ; work         ;
;          |multiplexador-2-1:inst7|  ; 1 (1)               ; 0 (0)                     ; 0           ; 0            ; 0       ; 0         ; 0    ; 0            ; |jogo_da_velha|selecionado_memoria:inst6|memoria1bit:inst|multiplexador-2-1:inst7          ; multiplexador-2-1       ; work         ;
;    |verificar_se_disponivel:inst17| ; 12 (12)             ; 1 (1)                     ; 0           ; 0            ; 0       ; 0         ; 0    ; 0            ; |jogo_da_velha|verificar_se_disponivel:inst17                                              ; verificar_se_disponivel ; work         ;
;    |verificar_se_venceu:inst2464|   ; 16 (16)             ; 3 (3)                     ; 0           ; 0            ; 0       ; 0         ; 0    ; 0            ; |jogo_da_velha|verificar_se_venceu:inst2464                                                ; verificar_se_venceu     ; work         ;
;    |visores:VISORES|                ; 9 (0)               ; 0 (0)                     ; 0           ; 0            ; 0       ; 0         ; 0    ; 0            ; |jogo_da_velha|visores:VISORES                                                             ; visores                 ; work         ;
;       |visor:VISOR0|                ; 1 (0)               ; 0 (0)                     ; 0           ; 0            ; 0       ; 0         ; 0    ; 0            ; |jogo_da_velha|visores:VISORES|visor:VISOR0                                                ; visor                   ; work         ;
;          |decod7segment:inst|       ; 1 (1)               ; 0 (0)                     ; 0           ; 0            ; 0       ; 0         ; 0    ; 0            ; |jogo_da_velha|visores:VISORES|visor:VISOR0|decod7segment:inst                             ; decod7segment           ; work         ;
;       |visor:VISOR1|                ; 1 (0)               ; 0 (0)                     ; 0           ; 0            ; 0       ; 0         ; 0    ; 0            ; |jogo_da_velha|visores:VISORES|visor:VISOR1                                                ; visor                   ; work         ;
;          |decod7segment:inst|       ; 1 (1)               ; 0 (0)                     ; 0           ; 0            ; 0       ; 0         ; 0    ; 0            ; |jogo_da_velha|visores:VISORES|visor:VISOR1|decod7segment:inst                             ; decod7segment           ; work         ;
;       |visor:VISOR2|                ; 1 (0)               ; 0 (0)                     ; 0           ; 0            ; 0       ; 0         ; 0    ; 0            ; |jogo_da_velha|visores:VISORES|visor:VISOR2                                                ; visor                   ; work         ;
;          |decod7segment:inst|       ; 1 (1)               ; 0 (0)                     ; 0           ; 0            ; 0       ; 0         ; 0    ; 0            ; |jogo_da_velha|visores:VISORES|visor:VISOR2|decod7segment:inst                             ; decod7segment           ; work         ;
;       |visor:VISOR3|                ; 1 (0)               ; 0 (0)                     ; 0           ; 0            ; 0       ; 0         ; 0    ; 0            ; |jogo_da_velha|visores:VISORES|visor:VISOR3                                                ; visor                   ; work         ;
;          |decod7segment:inst|       ; 1 (1)               ; 0 (0)                     ; 0           ; 0            ; 0       ; 0         ; 0    ; 0            ; |jogo_da_velha|visores:VISORES|visor:VISOR3|decod7segment:inst                             ; decod7segment           ; work         ;
;       |visor:VISOR4|                ; 1 (0)               ; 0 (0)                     ; 0           ; 0            ; 0       ; 0         ; 0    ; 0            ; |jogo_da_velha|visores:VISORES|visor:VISOR4                                                ; visor                   ; work         ;
;          |decod7segment:inst|       ; 1 (1)               ; 0 (0)                     ; 0           ; 0            ; 0       ; 0         ; 0    ; 0            ; |jogo_da_velha|visores:VISORES|visor:VISOR4|decod7segment:inst                             ; decod7segment           ; work         ;
;       |visor:VISOR5|                ; 1 (0)               ; 0 (0)                     ; 0           ; 0            ; 0       ; 0         ; 0    ; 0            ; |jogo_da_velha|visores:VISORES|visor:VISOR5                                                ; visor                   ; work         ;
;          |decod7segment:inst|       ; 1 (1)               ; 0 (0)                     ; 0           ; 0            ; 0       ; 0         ; 0    ; 0            ; |jogo_da_velha|visores:VISORES|visor:VISOR5|decod7segment:inst                             ; decod7segment           ; work         ;
;       |visor:VISOR6|                ; 1 (0)               ; 0 (0)                     ; 0           ; 0            ; 0       ; 0         ; 0    ; 0            ; |jogo_da_velha|visores:VISORES|visor:VISOR6                                                ; visor                   ; work         ;
;          |decod7segment:inst|       ; 1 (1)               ; 0 (0)                     ; 0           ; 0            ; 0       ; 0         ; 0    ; 0            ; |jogo_da_velha|visores:VISORES|visor:VISOR6|decod7segment:inst                             ; decod7segment           ; work         ;
;       |visor:VISOR7|                ; 1 (0)               ; 0 (0)                     ; 0           ; 0            ; 0       ; 0         ; 0    ; 0            ; |jogo_da_velha|visores:VISORES|visor:VISOR7                                                ; visor                   ; work         ;
;          |decod7segment:inst|       ; 1 (1)               ; 0 (0)                     ; 0           ; 0            ; 0       ; 0         ; 0    ; 0            ; |jogo_da_velha|visores:VISORES|visor:VISOR7|decod7segment:inst                             ; decod7segment           ; work         ;
;       |visor:VISOR8|                ; 1 (0)               ; 0 (0)                     ; 0           ; 0            ; 0       ; 0         ; 0    ; 0            ; |jogo_da_velha|visores:VISORES|visor:VISOR8                                                ; visor                   ; work         ;
;          |decod7segment:inst|       ; 1 (1)               ; 0 (0)                     ; 0           ; 0            ; 0       ; 0         ; 0    ; 0            ; |jogo_da_velha|visores:VISORES|visor:VISOR8|decod7segment:inst                             ; decod7segment           ; work         ;
+-------------------------------------+---------------------+---------------------------+-------------+--------------+---------+-----------+------+--------------+--------------------------------------------------------------------------------------------+-------------------------+--------------+
Note: For table entries with two numbers listed, the numbers in parentheses indicate the number of resources of the given type used by the specific entity alone. The numbers listed outside of parentheses indicate the total resources of the given type used by the specific entity and all of its sub-entities in the hierarchy.


+------------------------------------------------------+
; General Register Statistics                          ;
+----------------------------------------------+-------+
; Statistic                                    ; Value ;
+----------------------------------------------+-------+
; Total registers                              ; 42    ;
; Number of registers using Synchronous Clear  ; 0     ;
; Number of registers using Synchronous Load   ; 0     ;
; Number of registers using Asynchronous Clear ; 0     ;
; Number of registers using Asynchronous Load  ; 0     ;
; Number of registers using Clock Enable       ; 14    ;
; Number of registers using Preset             ; 0     ;
+----------------------------------------------+-------+


+---------------------------------------------------------------------------------------------------------------------------------------------------------------------------------+
; Multiplexer Restructuring Statistics (Restructuring Performed)                                                                                                                  ;
+--------------------+-----------+---------------+----------------------+------------------------+------------+-------------------------------------------------------------------+
; Multiplexer Inputs ; Bus Width ; Baseline Area ; Area if Restructured ; Saving if Restructured ; Registered ; Example Multiplexer Output                                        ;
+--------------------+-----------+---------------+----------------------+------------------------+------------+-------------------------------------------------------------------+
; 3:1                ; 4 bits    ; 8 LEs         ; 4 LEs                ; 4 LEs                  ; Yes        ; |jogo_da_velha|selecionado_memoria:inst6|memoria1bit:inst3|inst10 ;
+--------------------+-----------+---------------+----------------------+------------------------+------------+-------------------------------------------------------------------+


+-----------------------------------------------------+
; Post-Synthesis Netlist Statistics for Top Partition ;
+-----------------------+-----------------------------+
; Type                  ; Count                       ;
+-----------------------+-----------------------------+
; boundary_port         ; 88                          ;
; cycloneiii_ff         ; 42                          ;
;     ENA               ; 14                          ;
;     plain             ; 28                          ;
; cycloneiii_lcell_comb ; 105                         ;
;     normal            ; 105                         ;
;         0 data inputs ; 1                           ;
;         1 data inputs ; 12                          ;
;         2 data inputs ; 14                          ;
;         3 data inputs ; 27                          ;
;         4 data inputs ; 51                          ;
;                       ;                             ;
; Max LUT depth         ; 5.00                        ;
; Average LUT depth     ; 2.42                        ;
+-----------------------+-----------------------------+


+-------------------------------+
; Elapsed Time Per Partition    ;
+----------------+--------------+
; Partition Name ; Elapsed Time ;
+----------------+--------------+
; Top            ; 00:00:02     ;
+----------------+--------------+


+-------------------------------+
; Analysis & Synthesis Messages ;
+-------------------------------+
Info: *******************************************************************
Info: Running Quartus Prime Analysis & Synthesis
    Info: Version 20.1.1 Build 720 11/11/2020 SJ Lite Edition
    Info: Processing started: Sun May 23 20:10:26 2021
Info: Command: quartus_map --read_settings_files=on --write_settings_files=off hash_game -c hash_game
Warning (18236): Number of processors has not been specified which may cause overloading on shared machines.  Set the global assignment NUM_PARALLEL_PROCESSORS in your QSF to an appropriate value for best performance.
Info (20030): Parallel compilation is enabled and will use 4 of the 4 processors detected
Info (12021): Found 1 design units, including 1 entities, in source file hash_game.bdf
    Info (12023): Found entity 1: hash_game
Info (12021): Found 1 design units, including 1 entities, in source file controle.bdf
    Info (12023): Found entity 1: controle
Info (12021): Found 1 design units, including 1 entities, in source file visor.bdf
    Info (12023): Found entity 1: visor
Info (12021): Found 1 design units, including 1 entities, in source file visores.bdf
    Info (12023): Found entity 1: visores
Info (12021): Found 1 design units, including 1 entities, in source file marcar-quadro.bdf
    Info (12023): Found entity 1: marcar-quadro
Info (12021): Found 1 design units, including 1 entities, in source file test-ff.bdf
    Info (12023): Found entity 1: test-ff
Info (12021): Found 1 design units, including 1 entities, in source file test_ff.bdf
    Info (12023): Found entity 1: test_ff
Info (12021): Found 1 design units, including 1 entities, in source file prototipo_inicial_memoria.bdf
    Info (12023): Found entity 1: prototipo_inicial_memoria
Info (12021): Found 1 design units, including 1 entities, in source file prototipo_memoria.bdf
    Info (12023): Found entity 1: prototipo_memoria
Info (12021): Found 1 design units, including 1 entities, in source file memoria1bit.bdf
    Info (12023): Found entity 1: memoria1bit
Info (12021): Found 1 design units, including 1 entities, in source file seletor.bdf
    Info (12023): Found entity 1: seletor
Info (12021): Found 1 design units, including 1 entities, in source file memoria.bdf
    Info (12023): Found entity 1: memoria
Info (12021): Found 1 design units, including 1 entities, in source file verificar_se_venceu.bdf
    Info (12023): Found entity 1: verificar_se_venceu
Info (12021): Found 1 design units, including 1 entities, in source file multiplexador_18x9.bdf
    Info (12023): Found entity 1: multiplexador_18x9
Info (12021): Found 1 design units, including 1 entities, in source file mux18x9_extendido.bdf
    Info (12023): Found entity 1: mux18x9_extendido
Info (12021): Found 1 design units, including 1 entities, in source file verificar_se_disponivel.bdf
    Info (12023): Found entity 1: verificar_se_disponivel
Info (12021): Found 1 design units, including 1 entities, in source file mux8x4.bdf
    Info (12023): Found entity 1: mux8x4
Info (12021): Found 1 design units, including 1 entities, in source file selecionado_memoria.bdf
    Info (12023): Found entity 1: selecionado_memoria
Info (12021): Found 1 design units, including 1 entities, in source file jogo_da_velha.bdf
    Info (12023): Found entity 1: jogo_da_velha
Info (12127): Elaborating entity "jogo_da_velha" for the top level hierarchy
Warning (275011): Block or symbol "AND2" of instance "inst35436" overlaps another block or symbol
Info (12128): Elaborating entity "verificar_se_venceu" for hierarchy "verificar_se_venceu:inst2464"
Warning (12125): Using design file multiplexador-2-1.bdf, which is not specified as a design file for the current project, but contains definitions for 1 design units and 1 entities in project
    Info (12023): Found entity 1: multiplexador-2-1
Info (12128): Elaborating entity "multiplexador-2-1" for hierarchy "verificar_se_venceu:inst2464|multiplexador-2-1:inst12"
Info (12128): Elaborating entity "mux18x9_extendido" for hierarchy "mux18x9_extendido:inst13"
Info (12128): Elaborating entity "multiplexador_18x9" for hierarchy "mux18x9_extendido:inst13|multiplexador_18x9:inst99"
Info (12128): Elaborating entity "memoria" for hierarchy "memoria:J2_MEMO"
Info (12128): Elaborating entity "memoria1bit" for hierarchy "memoria:J2_MEMO|memoria1bit:inst2"
Info (12128): Elaborating entity "seletor" for hierarchy "memoria:J2_MEMO|seletor:inst"
Info (12128): Elaborating entity "verificar_se_disponivel" for hierarchy "verificar_se_disponivel:inst17"
Info (12128): Elaborating entity "selecionado_memoria" for hierarchy "selecionado_memoria:inst6"
Info (12128): Elaborating entity "controle" for hierarchy "controle:J2_CONTROLE"
Info (12128): Elaborating entity "visores" for hierarchy "visores:VISORES"
Info (12128): Elaborating entity "visor" for hierarchy "visores:VISORES|visor:VISOR0"
Warning (12125): Using design file decod7segment.bdf, which is not specified as a design file for the current project, but contains definitions for 1 design units and 1 entities in project
    Info (12023): Found entity 1: decod7segment
Info (12128): Elaborating entity "decod7segment" for hierarchy "visores:VISORES|visor:VISOR0|decod7segment:inst"
Warning (13024): Output pins are stuck at VCC or GND
    Warning (13410): Pin "QUADRO0[5]" is stuck at VCC
    Warning (13410): Pin "QUADRO0[3]" is stuck at VCC
    Warning (13410): Pin "QUADRO0[2]" is stuck at VCC
    Warning (13410): Pin "QUADRO0[0]" is stuck at VCC
    Warning (13410): Pin "QUADRO1[5]" is stuck at VCC
    Warning (13410): Pin "QUADRO1[3]" is stuck at VCC
    Warning (13410): Pin "QUADRO1[2]" is stuck at VCC
    Warning (13410): Pin "QUADRO1[0]" is stuck at VCC
    Warning (13410): Pin "QUADRO2[5]" is stuck at VCC
    Warning (13410): Pin "QUADRO2[3]" is stuck at VCC
    Warning (13410): Pin "QUADRO2[2]" is stuck at VCC
    Warning (13410): Pin "QUADRO2[0]" is stuck at VCC
    Warning (13410): Pin "QUADRO3[5]" is stuck at VCC
    Warning (13410): Pin "QUADRO3[3]" is stuck at VCC
    Warning (13410): Pin "QUADRO3[2]" is stuck at VCC
    Warning (13410): Pin "QUADRO3[0]" is stuck at VCC
    Warning (13410): Pin "QUADRO4[5]" is stuck at VCC
    Warning (13410): Pin "QUADRO4[3]" is stuck at VCC
    Warning (13410): Pin "QUADRO4[2]" is stuck at VCC
    Warning (13410): Pin "QUADRO4[0]" is stuck at VCC
    Warning (13410): Pin "QUADRO5[5]" is stuck at VCC
    Warning (13410): Pin "QUADRO5[3]" is stuck at VCC
    Warning (13410): Pin "QUADRO5[2]" is stuck at VCC
    Warning (13410): Pin "QUADRO5[0]" is stuck at VCC
    Warning (13410): Pin "QUADRO6[5]" is stuck at VCC
    Warning (13410): Pin "QUADRO6[3]" is stuck at VCC
    Warning (13410): Pin "QUADRO6[2]" is stuck at VCC
    Warning (13410): Pin "QUADRO6[0]" is stuck at VCC
    Warning (13410): Pin "QUADRO7[5]" is stuck at VCC
    Warning (13410): Pin "QUADRO7[3]" is stuck at VCC
    Warning (13410): Pin "QUADRO7[2]" is stuck at VCC
    Warning (13410): Pin "QUADRO7[0]" is stuck at VCC
    Warning (13410): Pin "QUADRO8[5]" is stuck at VCC
    Warning (13410): Pin "QUADRO8[3]" is stuck at VCC
    Warning (13410): Pin "QUADRO8[2]" is stuck at VCC
    Warning (13410): Pin "QUADRO8[0]" is stuck at VCC
Info (286030): Timing-Driven Synthesis is running
Info (16010): Generating hard_block partition "hard_block:auto_generated_inst"
    Info (16011): Adding 0 node(s), including 0 DDIO, 0 PLL, 0 transceiver and 0 LCELL
Info (21057): Implemented 190 device resources after synthesis - the final resource count might be different
    Info (21058): Implemented 12 input pins
    Info (21059): Implemented 76 output pins
    Info (21061): Implemented 102 logic cells
Info: Quartus Prime Analysis & Synthesis was successful. 0 errors, 41 warnings
    Info: Peak virtual memory: 621 megabytes
    Info: Processing ended: Sun May 23 20:10:55 2021
    Info: Elapsed time: 00:00:29
    Info: Total CPU time (on all processors): 00:00:29


